[0.451s] DEBUG:colcon:Command line arguments: ['/usr/bin/colcon', 'build']
[0.452s] DEBUG:colcon:Parsed command line arguments: Namespace(log_base=None, log_level=None, verb_name='build', build_base='build', install_base='install', merge_install=False, symlink_install=False, test_result_base=None, continue_on_error=False, executor='parallel', parallel_workers=4, event_handlers=None, ignore_user_meta=False, metas=['./colcon.meta'], base_paths=['.'], packages_ignore=None, packages_ignore_regex=None, paths=None, packages_up_to=None, packages_up_to_regex=None, packages_above=None, packages_above_and_dependencies=None, packages_above_depth=None, packages_select_by_dep=None, packages_skip_by_dep=None, packages_skip_up_to=None, packages_select_build_failed=False, packages_skip_build_finished=False, packages_select_test_failures=False, packages_skip_test_passed=False, packages_select=None, packages_skip=None, packages_select_regex=None, packages_skip_regex=None, packages_start=None, packages_end=None, allow_overriding=[], cmake_args=None, cmake_target=None, cmake_target_skip_unavailable=False, cmake_clean_cache=False, cmake_clean_first=False, cmake_force_configure=False, ament_cmake_args=None, catkin_cmake_args=None, catkin_skip_building_tests=False, mixin_files=None, mixin=None, verb_parser=<colcon_mixin.mixin.mixin_argument.MixinArgumentDecorator object at 0x7fa7e7acb0>, verb_extension=<colcon_core.verb.build.BuildVerb object at 0x7fa80d8730>, main=<bound method BuildVerb.main of <colcon_core.verb.build.BuildVerb object at 0x7fa80d8730>>, mixin_verb=('build',))
[0.990s] Level 1:colcon.colcon_core.package_discovery:discover_packages(colcon_meta) check parameters
[0.991s] Level 1:colcon.colcon_core.package_discovery:discover_packages(recursive) check parameters
[0.992s] Level 1:colcon.colcon_core.package_discovery:discover_packages(ignore) check parameters
[0.992s] Level 1:colcon.colcon_core.package_discovery:discover_packages(path) check parameters
[0.992s] Level 1:colcon.colcon_core.package_discovery:discover_packages(colcon_meta) discover
[0.992s] Level 1:colcon.colcon_core.package_discovery:discover_packages(recursive) discover
[0.993s] INFO:colcon.colcon_core.package_discovery:Crawling recursively for packages in '/workspace'
[0.993s] Level 1:colcon.colcon_core.package_identification:_identify(.) by extensions ['ignore', 'ignore_ament_install']
[0.994s] Level 1:colcon.colcon_core.package_identification:_identify(.) by extension 'ignore'
[0.994s] Level 1:colcon.colcon_core.package_identification:_identify(.) by extension 'ignore_ament_install'
[0.995s] Level 1:colcon.colcon_core.package_identification:_identify(.) by extensions ['colcon_pkg']
[0.995s] Level 1:colcon.colcon_core.package_identification:_identify(.) by extension 'colcon_pkg'
[0.995s] Level 1:colcon.colcon_core.package_identification:_identify(.) by extensions ['colcon_meta']
[0.995s] Level 1:colcon.colcon_core.package_identification:_identify(.) by extension 'colcon_meta'
[0.996s] Level 1:colcon.colcon_core.package_identification:_identify(.) by extensions ['ros']
[0.996s] Level 1:colcon.colcon_core.package_identification:_identify(.) by extension 'ros'
[1.037s] Level 1:colcon.colcon_core.package_identification:_identify(.) by extensions ['cmake', 'python']
[1.038s] Level 1:colcon.colcon_core.package_identification:_identify(.) by extension 'cmake'
[1.038s] Level 1:colcon.colcon_core.package_identification:_identify(.) by extension 'python'
[1.038s] Level 1:colcon.colcon_core.package_identification:_identify(.) by extensions ['python_setup_py']
[1.039s] Level 1:colcon.colcon_core.package_identification:_identify(.) by extension 'python_setup_py'
[1.039s] Level 1:colcon.colcon_core.package_identification:_identify(__pycache__) by extensions ['ignore', 'ignore_ament_install']
[1.039s] Level 1:colcon.colcon_core.package_identification:_identify(__pycache__) by extension 'ignore'
[1.040s] Level 1:colcon.colcon_core.package_identification:_identify(__pycache__) by extension 'ignore_ament_install'
[1.040s] Level 1:colcon.colcon_core.package_identification:_identify(__pycache__) by extensions ['colcon_pkg']
[1.040s] Level 1:colcon.colcon_core.package_identification:_identify(__pycache__) by extension 'colcon_pkg'
[1.040s] Level 1:colcon.colcon_core.package_identification:_identify(__pycache__) by extensions ['colcon_meta']
[1.040s] Level 1:colcon.colcon_core.package_identification:_identify(__pycache__) by extension 'colcon_meta'
[1.040s] Level 1:colcon.colcon_core.package_identification:_identify(__pycache__) by extensions ['ros']
[1.041s] Level 1:colcon.colcon_core.package_identification:_identify(__pycache__) by extension 'ros'
[1.041s] Level 1:colcon.colcon_core.package_identification:_identify(__pycache__) by extensions ['cmake', 'python']
[1.041s] Level 1:colcon.colcon_core.package_identification:_identify(__pycache__) by extension 'cmake'
[1.041s] Level 1:colcon.colcon_core.package_identification:_identify(__pycache__) by extension 'python'
[1.041s] Level 1:colcon.colcon_core.package_identification:_identify(__pycache__) by extensions ['python_setup_py']
[1.041s] Level 1:colcon.colcon_core.package_identification:_identify(__pycache__) by extension 'python_setup_py'
[1.042s] Level 1:colcon.colcon_core.package_identification:_identify(build) by extensions ['ignore', 'ignore_ament_install']
[1.042s] Level 1:colcon.colcon_core.package_identification:_identify(build) by extension 'ignore'
[1.042s] Level 1:colcon.colcon_core.package_identification:_identify(build) ignored
[1.043s] Level 1:colcon.colcon_core.package_identification:_identify(docker) by extensions ['ignore', 'ignore_ament_install']
[1.043s] Level 1:colcon.colcon_core.package_identification:_identify(docker) by extension 'ignore'
[1.043s] Level 1:colcon.colcon_core.package_identification:_identify(docker) by extension 'ignore_ament_install'
[1.043s] Level 1:colcon.colcon_core.package_identification:_identify(docker) by extensions ['colcon_pkg']
[1.044s] Level 1:colcon.colcon_core.package_identification:_identify(docker) by extension 'colcon_pkg'
[1.044s] Level 1:colcon.colcon_core.package_identification:_identify(docker) by extensions ['colcon_meta']
[1.044s] Level 1:colcon.colcon_core.package_identification:_identify(docker) by extension 'colcon_meta'
[1.044s] Level 1:colcon.colcon_core.package_identification:_identify(docker) by extensions ['ros']
[1.044s] Level 1:colcon.colcon_core.package_identification:_identify(docker) by extension 'ros'
[1.045s] Level 1:colcon.colcon_core.package_identification:_identify(docker) by extensions ['cmake', 'python']
[1.045s] Level 1:colcon.colcon_core.package_identification:_identify(docker) by extension 'cmake'
[1.045s] Level 1:colcon.colcon_core.package_identification:_identify(docker) by extension 'python'
[1.045s] Level 1:colcon.colcon_core.package_identification:_identify(docker) by extensions ['python_setup_py']
[1.045s] Level 1:colcon.colcon_core.package_identification:_identify(docker) by extension 'python_setup_py'
[1.046s] Level 1:colcon.colcon_core.package_identification:_identify(install) by extensions ['ignore', 'ignore_ament_install']
[1.046s] Level 1:colcon.colcon_core.package_identification:_identify(install) by extension 'ignore'
[1.046s] Level 1:colcon.colcon_core.package_identification:_identify(install) ignored
[1.046s] Level 1:colcon.colcon_core.package_identification:_identify(log) by extensions ['ignore', 'ignore_ament_install']
[1.047s] Level 1:colcon.colcon_core.package_identification:_identify(log) by extension 'ignore'
[1.047s] Level 1:colcon.colcon_core.package_identification:_identify(log) ignored
[1.047s] Level 1:colcon.colcon_core.package_identification:_identify(src) by extensions ['ignore', 'ignore_ament_install']
[1.047s] Level 1:colcon.colcon_core.package_identification:_identify(src) by extension 'ignore'
[1.048s] Level 1:colcon.colcon_core.package_identification:_identify(src) by extension 'ignore_ament_install'
[1.048s] Level 1:colcon.colcon_core.package_identification:_identify(src) by extensions ['colcon_pkg']
[1.048s] Level 1:colcon.colcon_core.package_identification:_identify(src) by extension 'colcon_pkg'
[1.048s] Level 1:colcon.colcon_core.package_identification:_identify(src) by extensions ['colcon_meta']
[1.048s] Level 1:colcon.colcon_core.package_identification:_identify(src) by extension 'colcon_meta'
[1.048s] Level 1:colcon.colcon_core.package_identification:_identify(src) by extensions ['ros']
[1.049s] Level 1:colcon.colcon_core.package_identification:_identify(src) by extension 'ros'
[1.049s] Level 1:colcon.colcon_core.package_identification:_identify(src) by extensions ['cmake', 'python']
[1.049s] Level 1:colcon.colcon_core.package_identification:_identify(src) by extension 'cmake'
[1.049s] Level 1:colcon.colcon_core.package_identification:_identify(src) by extension 'python'
[1.049s] Level 1:colcon.colcon_core.package_identification:_identify(src) by extensions ['python_setup_py']
[1.049s] Level 1:colcon.colcon_core.package_identification:_identify(src) by extension 'python_setup_py'
[1.050s] Level 1:colcon.colcon_core.package_identification:_identify(src/hello_publisher) by extensions ['ignore', 'ignore_ament_install']
[1.050s] Level 1:colcon.colcon_core.package_identification:_identify(src/hello_publisher) by extension 'ignore'
[1.050s] Level 1:colcon.colcon_core.package_identification:_identify(src/hello_publisher) by extension 'ignore_ament_install'
[1.050s] Level 1:colcon.colcon_core.package_identification:_identify(src/hello_publisher) by extensions ['colcon_pkg']
[1.051s] Level 1:colcon.colcon_core.package_identification:_identify(src/hello_publisher) by extension 'colcon_pkg'
[1.051s] Level 1:colcon.colcon_core.package_identification:_identify(src/hello_publisher) by extensions ['colcon_meta']
[1.051s] Level 1:colcon.colcon_core.package_identification:_identify(src/hello_publisher) by extension 'colcon_meta'
[1.051s] Level 1:colcon.colcon_core.package_identification:_identify(src/hello_publisher) by extensions ['ros']
[1.051s] Level 1:colcon.colcon_core.package_identification:_identify(src/hello_publisher) by extension 'ros'
[1.060s] DEBUG:colcon.colcon_core.package_identification:Package 'src/hello_publisher' with type 'ros.ament_python' and name 'hello_publisher'
[1.061s] Level 1:colcon.colcon_core.package_identification:_identify(src/imu_publisher) by extensions ['ignore', 'ignore_ament_install']
[1.061s] Level 1:colcon.colcon_core.package_identification:_identify(src/imu_publisher) by extension 'ignore'
[1.061s] Level 1:colcon.colcon_core.package_identification:_identify(src/imu_publisher) by extension 'ignore_ament_install'
[1.062s] Level 1:colcon.colcon_core.package_identification:_identify(src/imu_publisher) by extensions ['colcon_pkg']
[1.062s] Level 1:colcon.colcon_core.package_identification:_identify(src/imu_publisher) by extension 'colcon_pkg'
[1.062s] Level 1:colcon.colcon_core.package_identification:_identify(src/imu_publisher) by extensions ['colcon_meta']
[1.062s] Level 1:colcon.colcon_core.package_identification:_identify(src/imu_publisher) by extension 'colcon_meta'
[1.062s] Level 1:colcon.colcon_core.package_identification:_identify(src/imu_publisher) by extensions ['ros']
[1.062s] Level 1:colcon.colcon_core.package_identification:_identify(src/imu_publisher) by extension 'ros'
[1.065s] DEBUG:colcon.colcon_core.package_identification:Package 'src/imu_publisher' with type 'ros.ament_python' and name 'imu_publisher'
[1.065s] Level 1:colcon.colcon_core.package_discovery:discover_packages(recursive) using defaults
[1.066s] Level 1:colcon.colcon_core.package_discovery:discover_packages(ignore) discover
[1.066s] Level 1:colcon.colcon_core.package_discovery:discover_packages(ignore) using defaults
[1.066s] Level 1:colcon.colcon_core.package_discovery:discover_packages(path) discover
[1.066s] Level 1:colcon.colcon_core.package_discovery:discover_packages(path) using defaults
[1.147s] Level 1:colcon.colcon_core.package_discovery:discover_packages(prefix_path) check parameters
[1.147s] Level 1:colcon.colcon_core.package_discovery:discover_packages(prefix_path) discover
[1.156s] DEBUG:colcon.colcon_installed_package_information.package_discovery:Found 182 installed packages in /opt/ros/humble
[1.160s] Level 1:colcon.colcon_core.package_discovery:discover_packages(prefix_path) using defaults
[1.260s] Level 5:colcon.colcon_core.verb:set package 'hello_publisher' build argument 'cmake_args' from command line to 'None'
[1.261s] Level 5:colcon.colcon_core.verb:set package 'hello_publisher' build argument 'cmake_target' from command line to 'None'
[1.261s] Level 5:colcon.colcon_core.verb:set package 'hello_publisher' build argument 'cmake_target_skip_unavailable' from command line to 'False'
[1.261s] Level 5:colcon.colcon_core.verb:set package 'hello_publisher' build argument 'cmake_clean_cache' from command line to 'False'
[1.261s] Level 5:colcon.colcon_core.verb:set package 'hello_publisher' build argument 'cmake_clean_first' from command line to 'False'
[1.261s] Level 5:colcon.colcon_core.verb:set package 'hello_publisher' build argument 'cmake_force_configure' from command line to 'False'
[1.261s] Level 5:colcon.colcon_core.verb:set package 'hello_publisher' build argument 'ament_cmake_args' from command line to 'None'
[1.261s] Level 5:colcon.colcon_core.verb:set package 'hello_publisher' build argument 'catkin_cmake_args' from command line to 'None'
[1.261s] Level 5:colcon.colcon_core.verb:set package 'hello_publisher' build argument 'catkin_skip_building_tests' from command line to 'False'
[1.261s] DEBUG:colcon.colcon_core.verb:Building package 'hello_publisher' with the following arguments: {'ament_cmake_args': None, 'build_base': '/workspace/build/hello_publisher', 'catkin_cmake_args': None, 'catkin_skip_building_tests': False, 'cmake_args': None, 'cmake_clean_cache': False, 'cmake_clean_first': False, 'cmake_force_configure': False, 'cmake_target': None, 'cmake_target_skip_unavailable': False, 'install_base': '/workspace/install/hello_publisher', 'merge_install': False, 'path': '/workspace/src/hello_publisher', 'symlink_install': False, 'test_result_base': None}
[1.263s] Level 5:colcon.colcon_core.verb:set package 'imu_publisher' build argument 'cmake_args' from command line to 'None'
[1.263s] Level 5:colcon.colcon_core.verb:set package 'imu_publisher' build argument 'cmake_target' from command line to 'None'
[1.263s] Level 5:colcon.colcon_core.verb:set package 'imu_publisher' build argument 'cmake_target_skip_unavailable' from command line to 'False'
[1.263s] Level 5:colcon.colcon_core.verb:set package 'imu_publisher' build argument 'cmake_clean_cache' from command line to 'False'
[1.263s] Level 5:colcon.colcon_core.verb:set package 'imu_publisher' build argument 'cmake_clean_first' from command line to 'False'
[1.263s] Level 5:colcon.colcon_core.verb:set package 'imu_publisher' build argument 'cmake_force_configure' from command line to 'False'
[1.263s] Level 5:colcon.colcon_core.verb:set package 'imu_publisher' build argument 'ament_cmake_args' from command line to 'None'
[1.263s] Level 5:colcon.colcon_core.verb:set package 'imu_publisher' build argument 'catkin_cmake_args' from command line to 'None'
[1.263s] Level 5:colcon.colcon_core.verb:set package 'imu_publisher' build argument 'catkin_skip_building_tests' from command line to 'False'
[1.264s] DEBUG:colcon.colcon_core.verb:Building package 'imu_publisher' with the following arguments: {'ament_cmake_args': None, 'build_base': '/workspace/build/imu_publisher', 'catkin_cmake_args': None, 'catkin_skip_building_tests': False, 'cmake_args': None, 'cmake_clean_cache': False, 'cmake_clean_first': False, 'cmake_force_configure': False, 'cmake_target': None, 'cmake_target_skip_unavailable': False, 'install_base': '/workspace/install/imu_publisher', 'merge_install': False, 'path': '/workspace/src/imu_publisher', 'symlink_install': False, 'test_result_base': None}
[1.264s] INFO:colcon.colcon_core.executor:Executing jobs using 'parallel' executor
[1.268s] DEBUG:colcon.colcon_parallel_executor.executor.parallel:run_until_complete
[1.270s] INFO:colcon.colcon_ros.task.ament_python.build:Building ROS package in '/workspace/src/hello_publisher' with build type 'ament_python'
[1.271s] Level 1:colcon.colcon_core.shell:create_environment_hook('hello_publisher', 'ament_prefix_path')
[1.279s] INFO:colcon.colcon_core.plugin_system:Skipping extension 'colcon_core.shell.bat': Not used on non-Windows systems
[1.280s] INFO:colcon.colcon_core.shell:Creating environment hook '/workspace/install/hello_publisher/share/hello_publisher/hook/ament_prefix_path.ps1'
[1.283s] INFO:colcon.colcon_core.shell:Creating environment descriptor '/workspace/install/hello_publisher/share/hello_publisher/hook/ament_prefix_path.dsv'
[1.286s] INFO:colcon.colcon_core.shell:Creating environment hook '/workspace/install/hello_publisher/share/hello_publisher/hook/ament_prefix_path.sh'
[1.327s] INFO:colcon.colcon_core.shell:Skip shell extension 'powershell' for command environment: Not usable outside of PowerShell
[1.328s] DEBUG:colcon.colcon_core.shell:Skip shell extension 'dsv' for command environment
[1.338s] INFO:colcon.colcon_ros.task.ament_python.build:Building ROS package in '/workspace/src/imu_publisher' with build type 'ament_python'
[1.339s] Level 1:colcon.colcon_core.shell:create_environment_hook('imu_publisher', 'ament_prefix_path')
[1.341s] INFO:colcon.colcon_core.shell:Creating environment hook '/workspace/install/imu_publisher/share/imu_publisher/hook/ament_prefix_path.ps1'
[1.343s] INFO:colcon.colcon_core.shell:Creating environment descriptor '/workspace/install/imu_publisher/share/imu_publisher/hook/ament_prefix_path.dsv'
[1.346s] INFO:colcon.colcon_core.shell:Creating environment hook '/workspace/install/imu_publisher/share/imu_publisher/hook/ament_prefix_path.sh'
[1.351s] INFO:colcon.colcon_core.shell:Skip shell extension 'powershell' for command environment: Not usable outside of PowerShell
[1.356s] DEBUG:colcon.colcon_core.shell:Skip shell extension 'dsv' for command environment
[2.235s] INFO:colcon.colcon_core.task.python.build:Building Python package in '/workspace/src/hello_publisher'
[2.236s] INFO:colcon.colcon_core.shell:Skip shell extension 'powershell' for command environment: Not usable outside of PowerShell
[2.237s] DEBUG:colcon.colcon_core.shell:Skip shell extension 'dsv' for command environment
[3.091s] INFO:colcon.colcon_core.task.python.build:Building Python package in '/workspace/src/imu_publisher'
[3.093s] INFO:colcon.colcon_core.shell:Skip shell extension 'powershell' for command environment: Not usable outside of PowerShell
[3.093s] DEBUG:colcon.colcon_core.shell:Skip shell extension 'dsv' for command environment
[4.475s] DEBUG:colcon.colcon_core.event_handler.log_command:Invoking command in '/workspace/src/hello_publisher': PYTHONPATH=/workspace/build/hello_publisher/prefix_override:/usr/lib/python3/dist-packages/colcon_core/task/python/colcon_distutils_commands:/workspace/install/hello_publisher/lib/python3.10/site-packages:${PYTHONPATH} /usr/bin/python3 -W ignore:setup.py install is deprecated -W ignore:easy_install command is deprecated setup.py egg_info --egg-base ../../build/hello_publisher build --build-base /workspace/build/hello_publisher/build install --record /workspace/build/hello_publisher/install.log --single-version-externally-managed install_data
[4.548s] DEBUG:colcon.colcon_core.event_handler.log_command:Invoking command in '/workspace/build/imu_publisher': PYTHONPATH=/workspace/build/imu_publisher/prefix_override:/usr/lib/python3/dist-packages/colcon_core/task/python/colcon_distutils_commands:/workspace/install/imu_publisher/lib/python3.10/site-packages:${PYTHONPATH} /usr/bin/python3 -W ignore:setup.py install is deprecated -W ignore:easy_install command is deprecated setup.py develop --uninstall --editable --build-directory /workspace/build/imu_publisher/build
[5.662s] DEBUG:colcon.colcon_core.event_handler.log_command:Invoked command in '/workspace/src/hello_publisher' returned '0': PYTHONPATH=/workspace/build/hello_publisher/prefix_override:/usr/lib/python3/dist-packages/colcon_core/task/python/colcon_distutils_commands:/workspace/install/hello_publisher/lib/python3.10/site-packages:${PYTHONPATH} /usr/bin/python3 -W ignore:setup.py install is deprecated -W ignore:easy_install command is deprecated setup.py egg_info --egg-base ../../build/hello_publisher build --build-base /workspace/build/hello_publisher/build install --record /workspace/build/hello_publisher/install.log --single-version-externally-managed install_data
[5.674s] Level 1:colcon.colcon_core.environment:checking '/workspace/install/hello_publisher' for CMake module files
[5.676s] Level 1:colcon.colcon_core.environment:checking '/workspace/install/hello_publisher' for CMake config files
[5.678s] Level 1:colcon.colcon_core.environment:checking '/workspace/install/hello_publisher/lib'
[5.679s] Level 1:colcon.colcon_core.environment:checking '/workspace/install/hello_publisher/bin'
[5.680s] Level 1:colcon.colcon_core.environment:checking '/workspace/install/hello_publisher/lib/pkgconfig/hello_publisher.pc'
[5.685s] Level 1:colcon.colcon_core.environment:checking '/workspace/install/hello_publisher/lib/python3.10/site-packages'
[5.687s] Level 1:colcon.colcon_core.shell:create_environment_hook('hello_publisher', 'pythonpath')
[5.690s] INFO:colcon.colcon_core.shell:Creating environment hook '/workspace/install/hello_publisher/share/hello_publisher/hook/pythonpath.ps1'
[5.694s] INFO:colcon.colcon_core.shell:Creating environment descriptor '/workspace/install/hello_publisher/share/hello_publisher/hook/pythonpath.dsv'
[5.706s] INFO:colcon.colcon_core.shell:Creating environment hook '/workspace/install/hello_publisher/share/hello_publisher/hook/pythonpath.sh'
[5.710s] Level 1:colcon.colcon_core.environment:checking '/workspace/install/hello_publisher/bin'
[5.713s] Level 1:colcon.colcon_core.environment:create_environment_scripts_only(hello_publisher)
[5.715s] INFO:colcon.colcon_core.shell:Creating package script '/workspace/install/hello_publisher/share/hello_publisher/package.ps1'
[5.722s] INFO:colcon.colcon_core.shell:Creating package descriptor '/workspace/install/hello_publisher/share/hello_publisher/package.dsv'
[5.726s] INFO:colcon.colcon_core.shell:Creating package script '/workspace/install/hello_publisher/share/hello_publisher/package.sh'
[5.732s] INFO:colcon.colcon_core.shell:Creating package script '/workspace/install/hello_publisher/share/hello_publisher/package.bash'
[5.737s] INFO:colcon.colcon_core.shell:Creating package script '/workspace/install/hello_publisher/share/hello_publisher/package.zsh'
[5.747s] Level 1:colcon.colcon_core.environment:create_file_with_runtime_dependencies(/workspace/install/hello_publisher/share/colcon-core/packages/hello_publisher)
[6.366s] DEBUG:colcon.colcon_core.event_handler.log_command:Invoked command in '/workspace/build/imu_publisher' returned '0': PYTHONPATH=/workspace/build/imu_publisher/prefix_override:/usr/lib/python3/dist-packages/colcon_core/task/python/colcon_distutils_commands:/workspace/install/imu_publisher/lib/python3.10/site-packages:${PYTHONPATH} /usr/bin/python3 -W ignore:setup.py install is deprecated -W ignore:easy_install command is deprecated setup.py develop --uninstall --editable --build-directory /workspace/build/imu_publisher/build
[6.372s] DEBUG:colcon.colcon_core.event_handler.log_command:Invoking command in '/workspace/src/imu_publisher': PYTHONPATH=/workspace/build/imu_publisher/prefix_override:/usr/lib/python3/dist-packages/colcon_core/task/python/colcon_distutils_commands:/workspace/install/imu_publisher/lib/python3.10/site-packages:${PYTHONPATH} /usr/bin/python3 -W ignore:setup.py install is deprecated -W ignore:easy_install command is deprecated setup.py egg_info --egg-base ../../build/imu_publisher build --build-base /workspace/build/imu_publisher/build install --record /workspace/build/imu_publisher/install.log --single-version-externally-managed install_data --force
[7.424s] Level 1:colcon.colcon_core.environment:checking '/workspace/install/imu_publisher' for CMake module files
[7.426s] DEBUG:colcon.colcon_core.event_handler.log_command:Invoked command in '/workspace/src/imu_publisher' returned '0': PYTHONPATH=/workspace/build/imu_publisher/prefix_override:/usr/lib/python3/dist-packages/colcon_core/task/python/colcon_distutils_commands:/workspace/install/imu_publisher/lib/python3.10/site-packages:${PYTHONPATH} /usr/bin/python3 -W ignore:setup.py install is deprecated -W ignore:easy_install command is deprecated setup.py egg_info --egg-base ../../build/imu_publisher build --build-base /workspace/build/imu_publisher/build install --record /workspace/build/imu_publisher/install.log --single-version-externally-managed install_data --force
[7.427s] Level 1:colcon.colcon_core.environment:checking '/workspace/install/imu_publisher' for CMake config files
[7.429s] Level 1:colcon.colcon_core.environment:checking '/workspace/install/imu_publisher/lib'
[7.430s] Level 1:colcon.colcon_core.environment:checking '/workspace/install/imu_publisher/bin'
[7.431s] Level 1:colcon.colcon_core.environment:checking '/workspace/install/imu_publisher/lib/pkgconfig/imu_publisher.pc'
[7.432s] Level 1:colcon.colcon_core.environment:checking '/workspace/install/imu_publisher/lib/python3.10/site-packages'
[7.432s] Level 1:colcon.colcon_core.shell:create_environment_hook('imu_publisher', 'pythonpath')
[7.434s] INFO:colcon.colcon_core.shell:Creating environment hook '/workspace/install/imu_publisher/share/imu_publisher/hook/pythonpath.ps1'
[7.436s] INFO:colcon.colcon_core.shell:Creating environment descriptor '/workspace/install/imu_publisher/share/imu_publisher/hook/pythonpath.dsv'
[7.439s] INFO:colcon.colcon_core.shell:Creating environment hook '/workspace/install/imu_publisher/share/imu_publisher/hook/pythonpath.sh'
[7.442s] Level 1:colcon.colcon_core.environment:checking '/workspace/install/imu_publisher/bin'
[7.442s] Level 1:colcon.colcon_core.environment:create_environment_scripts_only(imu_publisher)
[7.443s] INFO:colcon.colcon_core.shell:Creating package script '/workspace/install/imu_publisher/share/imu_publisher/package.ps1'
[7.445s] INFO:colcon.colcon_core.shell:Creating package descriptor '/workspace/install/imu_publisher/share/imu_publisher/package.dsv'
[7.447s] INFO:colcon.colcon_core.shell:Creating package script '/workspace/install/imu_publisher/share/imu_publisher/package.sh'
[7.449s] INFO:colcon.colcon_core.shell:Creating package script '/workspace/install/imu_publisher/share/imu_publisher/package.bash'
[7.452s] INFO:colcon.colcon_core.shell:Creating package script '/workspace/install/imu_publisher/share/imu_publisher/package.zsh'
[7.454s] Level 1:colcon.colcon_core.environment:create_file_with_runtime_dependencies(/workspace/install/imu_publisher/share/colcon-core/packages/imu_publisher)
[7.455s] DEBUG:colcon.colcon_parallel_executor.executor.parallel:closing loop
[7.456s] DEBUG:colcon.colcon_parallel_executor.executor.parallel:loop closed
[7.457s] DEBUG:colcon.colcon_parallel_executor.executor.parallel:run_until_complete finished with '0'
[7.458s] DEBUG:colcon.colcon_core.event_reactor:joining thread
[7.479s] INFO:colcon.colcon_core.plugin_system:Skipping extension 'colcon_notification.desktop_notification.notify_send': Could not find 'notify-send'
[7.479s] INFO:colcon.colcon_core.plugin_system:Skipping extension 'colcon_notification.desktop_notification.terminal_notifier': Not used on non-Darwin systems
[7.480s] INFO:colcon.colcon_core.plugin_system:Skipping extension 'colcon_notification.desktop_notification.win32': Not used on non-Windows systems
[7.480s] INFO:colcon.colcon_notification.desktop_notification:Sending desktop notification using 'notify2'
[7.480s] DEBUG:colcon.colcon_notification.desktop_notification.notify2:Failed to initialize notify2: org.freedesktop.DBus.Error.NotSupported: Unable to autolaunch a dbus-daemon without a $DISPLAY for X11
[7.481s] DEBUG:colcon.colcon_core.event_reactor:joined thread
[7.482s] INFO:colcon.colcon_core.shell:Creating prefix script '/workspace/install/local_setup.ps1'
[7.486s] INFO:colcon.colcon_core.shell:Creating prefix util module '/workspace/install/_local_setup_util_ps1.py'
[7.491s] INFO:colcon.colcon_core.shell:Creating prefix chain script '/workspace/install/setup.ps1'
[7.495s] INFO:colcon.colcon_core.shell:Creating prefix script '/workspace/install/local_setup.sh'
[7.498s] INFO:colcon.colcon_core.shell:Creating prefix util module '/workspace/install/_local_setup_util_sh.py'
[7.500s] INFO:colcon.colcon_core.shell:Creating prefix chain script '/workspace/install/setup.sh'
[7.505s] INFO:colcon.colcon_core.shell:Creating prefix script '/workspace/install/local_setup.bash'
[7.509s] INFO:colcon.colcon_core.shell:Creating prefix chain script '/workspace/install/setup.bash'
[7.514s] INFO:colcon.colcon_core.shell:Creating prefix script '/workspace/install/local_setup.zsh'
[7.517s] INFO:colcon.colcon_core.shell:Creating prefix chain script '/workspace/install/setup.zsh'
