[2.164s] Invoking command in '/workspace/src/hello_publisher': PYTHONPATH=/workspace/build/hello_publisher/prefix_override:/usr/lib/python3/dist-packages/colcon_core/task/python/colcon_distutils_commands:/workspace/install/hello_publisher/lib/python3.10/site-packages:${PYTHONPATH} /usr/bin/python3 -W ignore:setup.py install is deprecated -W ignore:easy_install command is deprecated setup.py egg_info --egg-base ../../build/hello_publisher build --build-base /workspace/build/hello_publisher/build install --record /workspace/build/hello_publisher/install.log --single-version-externally-managed install_data
[2.982s] running egg_info
[2.985s] creating ../../build/hello_publisher/hello_publisher.egg-info
[2.985s] writing ../../build/hello_publisher/hello_publisher.egg-info/PKG-INFO
[2.987s] writing dependency_links to ../../build/hello_publisher/hello_publisher.egg-info/dependency_links.txt
[2.988s] writing entry points to ../../build/hello_publisher/hello_publisher.egg-info/entry_points.txt
[2.988s] writing requirements to ../../build/hello_publisher/hello_publisher.egg-info/requires.txt
[2.988s] writing top-level names to ../../build/hello_publisher/hello_publisher.egg-info/top_level.txt
[2.989s] writing manifest file '../../build/hello_publisher/hello_publisher.egg-info/SOURCES.txt'
[2.994s] reading manifest file '../../build/hello_publisher/hello_publisher.egg-info/SOURCES.txt'
[2.997s] writing manifest file '../../build/hello_publisher/hello_publisher.egg-info/SOURCES.txt'
[2.998s] running build
[2.999s] running build_py
[3.000s] creating /workspace/build/hello_publisher/build
[3.000s] creating /workspace/build/hello_publisher/build/lib
[3.001s] creating /workspace/build/hello_publisher/build/lib/hello_publisher
[3.001s] copying hello_publisher/talker.py -> /workspace/build/hello_publisher/build/lib/hello_publisher
[3.001s] copying hello_publisher/__init__.py -> /workspace/build/hello_publisher/build/lib/hello_publisher
[3.002s] running install
[3.002s] running install_lib
[3.005s] creating /workspace/install/hello_publisher/lib/python3.10/site-packages/hello_publisher
[3.005s] copying /workspace/build/hello_publisher/build/lib/hello_publisher/talker.py -> /workspace/install/hello_publisher/lib/python3.10/site-packages/hello_publisher
[3.006s] copying /workspace/build/hello_publisher/build/lib/hello_publisher/__init__.py -> /workspace/install/hello_publisher/lib/python3.10/site-packages/hello_publisher
[3.008s] byte-compiling /workspace/install/hello_publisher/lib/python3.10/site-packages/hello_publisher/talker.py to talker.cpython-310.pyc
[3.010s] byte-compiling /workspace/install/hello_publisher/lib/python3.10/site-packages/hello_publisher/__init__.py to __init__.cpython-310.pyc
[3.011s] running install_data
[3.012s] creating /workspace/install/hello_publisher/share/ament_index
[3.012s] creating /workspace/install/hello_publisher/share/ament_index/resource_index
[3.013s] creating /workspace/install/hello_publisher/share/ament_index/resource_index/packages
[3.013s] copying resource/hello_publisher -> /workspace/install/hello_publisher/share/ament_index/resource_index/packages
[3.013s] copying package.xml -> /workspace/install/hello_publisher/share/hello_publisher
[3.014s] running install_egg_info
[3.020s] Copying ../../build/hello_publisher/hello_publisher.egg-info to /workspace/install/hello_publisher/lib/python3.10/site-packages/hello_publisher-0.0.1-py3.10.egg-info
[3.022s] running install_scripts
[3.096s] Installing talker script to /workspace/install/hello_publisher/lib/hello_publisher
[3.097s] writing list of installed files to '/workspace/build/hello_publisher/install.log'
[3.218s] Invoked command in '/workspace/src/hello_publisher' returned '0': PYTHONPATH=/workspace/build/hello_publisher/prefix_override:/usr/lib/python3/dist-packages/colcon_core/task/python/colcon_distutils_commands:/workspace/install/hello_publisher/lib/python3.10/site-packages:${PYTHONPATH} /usr/bin/python3 -W ignore:setup.py install is deprecated -W ignore:easy_install command is deprecated setup.py egg_info --egg-base ../../build/hello_publisher build --build-base /workspace/build/hello_publisher/build install --record /workspace/build/hello_publisher/install.log --single-version-externally-managed install_data
