running egg_info
creating ../../build/imu_publisher/imu_publisher.egg-info
writing ../../build/imu_publisher/imu_publisher.egg-info/PKG-INFO
writing dependency_links to ../../build/imu_publisher/imu_publisher.egg-info/dependency_links.txt
writing entry points to ../../build/imu_publisher/imu_publisher.egg-info/entry_points.txt
writing requirements to ../../build/imu_publisher/imu_publisher.egg-info/requires.txt
writing top-level names to ../../build/imu_publisher/imu_publisher.egg-info/top_level.txt
writing manifest file '../../build/imu_publisher/imu_publisher.egg-info/SOURCES.txt'
reading manifest file '../../build/imu_publisher/imu_publisher.egg-info/SOURCES.txt'
writing manifest file '../../build/imu_publisher/imu_publisher.egg-info/SOURCES.txt'
running build
running build_py
creating /workspace/build/imu_publisher/build
creating /workspace/build/imu_publisher/build/lib
creating /workspace/build/imu_publisher/build/lib/imu_publisher
copying imu_publisher/__init__.py -> /workspace/build/imu_publisher/build/lib/imu_publisher
copying imu_publisher/imu_publisher_node.py -> /workspace/build/imu_publisher/build/lib/imu_publisher
running install
running install_lib
creating /workspace/install/imu_publisher/lib/python3.10/site-packages/imu_publisher
copying /workspace/build/imu_publisher/build/lib/imu_publisher/__init__.py -> /workspace/install/imu_publisher/lib/python3.10/site-packages/imu_publisher
copying /workspace/build/imu_publisher/build/lib/imu_publisher/imu_publisher_node.py -> /workspace/install/imu_publisher/lib/python3.10/site-packages/imu_publisher
byte-compiling /workspace/install/imu_publisher/lib/python3.10/site-packages/imu_publisher/__init__.py to __init__.cpython-310.pyc
byte-compiling /workspace/install/imu_publisher/lib/python3.10/site-packages/imu_publisher/imu_publisher_node.py to imu_publisher_node.cpython-310.pyc
running install_data
creating /workspace/install/imu_publisher/share/ament_index
creating /workspace/install/imu_publisher/share/ament_index/resource_index
creating /workspace/install/imu_publisher/share/ament_index/resource_index/packages
copying resource/imu_publisher -> /workspace/install/imu_publisher/share/ament_index/resource_index/packages
copying package.xml -> /workspace/install/imu_publisher/share/imu_publisher
running install_egg_info
Copying ../../build/imu_publisher/imu_publisher.egg-info to /workspace/install/imu_publisher/lib/python3.10/site-packages/imu_publisher-0.0.1-py3.10.egg-info
running install_scripts
Installing imu_publisher_node script to /workspace/install/imu_publisher/lib/imu_publisher
writing list of installed files to '/workspace/build/imu_publisher/install.log'
