[3.416s] Invoking command in '/workspace/src/imu_publisher': PYTHONPATH=/workspace/build/imu_publisher/prefix_override:/usr/lib/python3/dist-packages/colcon_core/task/python/colcon_distutils_commands:/workspace/install/imu_publisher/lib/python3.10/site-packages:${PYTHONPATH} /usr/bin/python3 -W ignore:setup.py install is deprecated -W ignore:easy_install command is deprecated setup.py egg_info --egg-base ../../build/imu_publisher build --build-base /workspace/build/imu_publisher/build install --record /workspace/build/imu_publisher/install.log --single-version-externally-managed install_data
[4.365s] running egg_info
[4.367s] creating ../../build/imu_publisher/imu_publisher.egg-info
[4.368s] writing ../../build/imu_publisher/imu_publisher.egg-info/PKG-INFO
[4.370s] writing dependency_links to ../../build/imu_publisher/imu_publisher.egg-info/dependency_links.txt
[4.371s] writing entry points to ../../build/imu_publisher/imu_publisher.egg-info/entry_points.txt
[4.374s] writing requirements to ../../build/imu_publisher/imu_publisher.egg-info/requires.txt
[4.374s] writing top-level names to ../../build/imu_publisher/imu_publisher.egg-info/top_level.txt
[4.375s] writing manifest file '../../build/imu_publisher/imu_publisher.egg-info/SOURCES.txt'
[4.381s] reading manifest file '../../build/imu_publisher/imu_publisher.egg-info/SOURCES.txt'
[4.385s] writing manifest file '../../build/imu_publisher/imu_publisher.egg-info/SOURCES.txt'
[4.387s] running build
[4.388s] running build_py
[4.389s] creating /workspace/build/imu_publisher/build
[4.389s] creating /workspace/build/imu_publisher/build/lib
[4.389s] creating /workspace/build/imu_publisher/build/lib/imu_publisher
[4.391s] copying imu_publisher/__init__.py -> /workspace/build/imu_publisher/build/lib/imu_publisher
[4.392s] copying imu_publisher/imu_publisher_node.py -> /workspace/build/imu_publisher/build/lib/imu_publisher
[4.392s] running install
[4.393s] running install_lib
[4.395s] creating /workspace/install/imu_publisher/lib/python3.10/site-packages/imu_publisher
[4.396s] copying /workspace/build/imu_publisher/build/lib/imu_publisher/__init__.py -> /workspace/install/imu_publisher/lib/python3.10/site-packages/imu_publisher
[4.404s] copying /workspace/build/imu_publisher/build/lib/imu_publisher/imu_publisher_node.py -> /workspace/install/imu_publisher/lib/python3.10/site-packages/imu_publisher
[4.409s] byte-compiling /workspace/install/imu_publisher/lib/python3.10/site-packages/imu_publisher/__init__.py to __init__.cpython-310.pyc
[4.411s] byte-compiling /workspace/install/imu_publisher/lib/python3.10/site-packages/imu_publisher/imu_publisher_node.py to imu_publisher_node.cpython-310.pyc
[4.412s] running install_data
[4.413s] creating /workspace/install/imu_publisher/share/ament_index
[4.413s] creating /workspace/install/imu_publisher/share/ament_index/resource_index
[4.415s] creating /workspace/install/imu_publisher/share/ament_index/resource_index/packages
[4.416s] copying resource/imu_publisher -> /workspace/install/imu_publisher/share/ament_index/resource_index/packages
[4.417s] copying package.xml -> /workspace/install/imu_publisher/share/imu_publisher
[4.417s] running install_egg_info
[4.423s] Copying ../../build/imu_publisher/imu_publisher.egg-info to /workspace/install/imu_publisher/lib/python3.10/site-packages/imu_publisher-0.0.1-py3.10.egg-info
[4.428s] running install_scripts
[4.554s] Installing imu_publisher_node script to /workspace/install/imu_publisher/lib/imu_publisher
[4.557s] writing list of installed files to '/workspace/build/imu_publisher/install.log'
[4.695s] Invoked command in '/workspace/src/imu_publisher' returned '0': PYTHONPATH=/workspace/build/imu_publisher/prefix_override:/usr/lib/python3/dist-packages/colcon_core/task/python/colcon_distutils_commands:/workspace/install/imu_publisher/lib/python3.10/site-packages:${PYTHONPATH} /usr/bin/python3 -W ignore:setup.py install is deprecated -W ignore:easy_install command is deprecated setup.py egg_info --egg-base ../../build/imu_publisher build --build-base /workspace/build/imu_publisher/build install --record /workspace/build/imu_publisher/install.log --single-version-externally-managed install_data
