[0.387s] DEBUG:colcon:Command line arguments: ['/usr/bin/colcon', 'build', '--packages-select', 'imu_publisher', '--symlink-install']
[0.387s] DEBUG:colcon:Parsed command line arguments: Namespace(log_base=None, log_level=None, verb_name='build', build_base='build', install_base='install', merge_install=False, symlink_install=True, test_result_base=None, continue_on_error=False, executor='parallel', parallel_workers=4, event_handlers=None, ignore_user_meta=False, metas=['./colcon.meta'], base_paths=['.'], packages_ignore=None, packages_ignore_regex=None, paths=None, packages_up_to=None, packages_up_to_regex=None, packages_above=None, packages_above_and_dependencies=None, packages_above_depth=None, packages_select_by_dep=None, packages_skip_by_dep=None, packages_skip_up_to=None, packages_select_build_failed=False, packages_skip_build_finished=False, packages_select_test_failures=False, packages_skip_test_passed=False, packages_select=['imu_publisher'], packages_skip=None, packages_select_regex=None, packages_skip_regex=None, packages_start=None, packages_end=None, allow_overriding=[], cmake_args=None, cmake_target=None, cmake_target_skip_unavailable=False, cmake_clean_cache=False, cmake_clean_first=False, cmake_force_configure=False, ament_cmake_args=None, catkin_cmake_args=None, catkin_skip_building_tests=False, mixin_files=None, mixin=None, verb_parser=<colcon_mixin.mixin.mixin_argument.MixinArgumentDecorator object at 0x7f91baaf20>, verb_extension=<colcon_core.verb.build.BuildVerb object at 0x7f91e089a0>, main=<bound method BuildVerb.main of <colcon_core.verb.build.BuildVerb object at 0x7f91e089a0>>, mixin_verb=('build',))
[0.876s] Level 1:colcon.colcon_core.package_discovery:discover_packages(colcon_meta) check parameters
[0.876s] Level 1:colcon.colcon_core.package_discovery:discover_packages(recursive) check parameters
[0.877s] Level 1:colcon.colcon_core.package_discovery:discover_packages(ignore) check parameters
[0.877s] Level 1:colcon.colcon_core.package_discovery:discover_packages(path) check parameters
[0.877s] Level 1:colcon.colcon_core.package_discovery:discover_packages(colcon_meta) discover
[0.877s] Level 1:colcon.colcon_core.package_discovery:discover_packages(recursive) discover
[0.877s] INFO:colcon.colcon_core.package_discovery:Crawling recursively for packages in '/workspace'
[0.878s] Level 1:colcon.colcon_core.package_identification:_identify(.) by extensions ['ignore', 'ignore_ament_install']
[0.878s] Level 1:colcon.colcon_core.package_identification:_identify(.) by extension 'ignore'
[0.878s] Level 1:colcon.colcon_core.package_identification:_identify(.) by extension 'ignore_ament_install'
[0.878s] Level 1:colcon.colcon_core.package_identification:_identify(.) by extensions ['colcon_pkg']
[0.879s] Level 1:colcon.colcon_core.package_identification:_identify(.) by extension 'colcon_pkg'
[0.879s] Level 1:colcon.colcon_core.package_identification:_identify(.) by extensions ['colcon_meta']
[0.879s] Level 1:colcon.colcon_core.package_identification:_identify(.) by extension 'colcon_meta'
[0.879s] Level 1:colcon.colcon_core.package_identification:_identify(.) by extensions ['ros']
[0.879s] Level 1:colcon.colcon_core.package_identification:_identify(.) by extension 'ros'
[0.919s] Level 1:colcon.colcon_core.package_identification:_identify(.) by extensions ['cmake', 'python']
[0.920s] Level 1:colcon.colcon_core.package_identification:_identify(.) by extension 'cmake'
[0.920s] Level 1:colcon.colcon_core.package_identification:_identify(.) by extension 'python'
[0.920s] Level 1:colcon.colcon_core.package_identification:_identify(.) by extensions ['python_setup_py']
[0.920s] Level 1:colcon.colcon_core.package_identification:_identify(.) by extension 'python_setup_py'
[0.921s] Level 1:colcon.colcon_core.package_identification:_identify(__pycache__) by extensions ['ignore', 'ignore_ament_install']
[0.921s] Level 1:colcon.colcon_core.package_identification:_identify(__pycache__) by extension 'ignore'
[0.921s] Level 1:colcon.colcon_core.package_identification:_identify(__pycache__) by extension 'ignore_ament_install'
[0.921s] Level 1:colcon.colcon_core.package_identification:_identify(__pycache__) by extensions ['colcon_pkg']
[0.922s] Level 1:colcon.colcon_core.package_identification:_identify(__pycache__) by extension 'colcon_pkg'
[0.922s] Level 1:colcon.colcon_core.package_identification:_identify(__pycache__) by extensions ['colcon_meta']
[0.922s] Level 1:colcon.colcon_core.package_identification:_identify(__pycache__) by extension 'colcon_meta'
[0.922s] Level 1:colcon.colcon_core.package_identification:_identify(__pycache__) by extensions ['ros']
[0.922s] Level 1:colcon.colcon_core.package_identification:_identify(__pycache__) by extension 'ros'
[0.922s] Level 1:colcon.colcon_core.package_identification:_identify(__pycache__) by extensions ['cmake', 'python']
[0.923s] Level 1:colcon.colcon_core.package_identification:_identify(__pycache__) by extension 'cmake'
[0.923s] Level 1:colcon.colcon_core.package_identification:_identify(__pycache__) by extension 'python'
[0.923s] Level 1:colcon.colcon_core.package_identification:_identify(__pycache__) by extensions ['python_setup_py']
[0.923s] Level 1:colcon.colcon_core.package_identification:_identify(__pycache__) by extension 'python_setup_py'
[0.923s] Level 1:colcon.colcon_core.package_identification:_identify(build) by extensions ['ignore', 'ignore_ament_install']
[0.924s] Level 1:colcon.colcon_core.package_identification:_identify(build) by extension 'ignore'
[0.924s] Level 1:colcon.colcon_core.package_identification:_identify(build) ignored
[0.924s] Level 1:colcon.colcon_core.package_identification:_identify(docker) by extensions ['ignore', 'ignore_ament_install']
[0.925s] Level 1:colcon.colcon_core.package_identification:_identify(docker) by extension 'ignore'
[0.925s] Level 1:colcon.colcon_core.package_identification:_identify(docker) by extension 'ignore_ament_install'
[0.925s] Level 1:colcon.colcon_core.package_identification:_identify(docker) by extensions ['colcon_pkg']
[0.925s] Level 1:colcon.colcon_core.package_identification:_identify(docker) by extension 'colcon_pkg'
[0.925s] Level 1:colcon.colcon_core.package_identification:_identify(docker) by extensions ['colcon_meta']
[0.925s] Level 1:colcon.colcon_core.package_identification:_identify(docker) by extension 'colcon_meta'
[0.926s] Level 1:colcon.colcon_core.package_identification:_identify(docker) by extensions ['ros']
[0.926s] Level 1:colcon.colcon_core.package_identification:_identify(docker) by extension 'ros'
[0.926s] Level 1:colcon.colcon_core.package_identification:_identify(docker) by extensions ['cmake', 'python']
[0.926s] Level 1:colcon.colcon_core.package_identification:_identify(docker) by extension 'cmake'
[0.926s] Level 1:colcon.colcon_core.package_identification:_identify(docker) by extension 'python'
[0.926s] Level 1:colcon.colcon_core.package_identification:_identify(docker) by extensions ['python_setup_py']
[0.927s] Level 1:colcon.colcon_core.package_identification:_identify(docker) by extension 'python_setup_py'
[0.927s] Level 1:colcon.colcon_core.package_identification:_identify(install) by extensions ['ignore', 'ignore_ament_install']
[0.927s] Level 1:colcon.colcon_core.package_identification:_identify(install) by extension 'ignore'
[0.927s] Level 1:colcon.colcon_core.package_identification:_identify(install) ignored
[0.928s] Level 1:colcon.colcon_core.package_identification:_identify(log) by extensions ['ignore', 'ignore_ament_install']
[0.928s] Level 1:colcon.colcon_core.package_identification:_identify(log) by extension 'ignore'
[0.928s] Level 1:colcon.colcon_core.package_identification:_identify(log) ignored
[0.929s] Level 1:colcon.colcon_core.package_identification:_identify(src) by extensions ['ignore', 'ignore_ament_install']
[0.929s] Level 1:colcon.colcon_core.package_identification:_identify(src) by extension 'ignore'
[0.929s] Level 1:colcon.colcon_core.package_identification:_identify(src) by extension 'ignore_ament_install'
[0.929s] Level 1:colcon.colcon_core.package_identification:_identify(src) by extensions ['colcon_pkg']
[0.929s] Level 1:colcon.colcon_core.package_identification:_identify(src) by extension 'colcon_pkg'
[0.930s] Level 1:colcon.colcon_core.package_identification:_identify(src) by extensions ['colcon_meta']
[0.930s] Level 1:colcon.colcon_core.package_identification:_identify(src) by extension 'colcon_meta'
[0.930s] Level 1:colcon.colcon_core.package_identification:_identify(src) by extensions ['ros']
[0.930s] Level 1:colcon.colcon_core.package_identification:_identify(src) by extension 'ros'
[0.930s] Level 1:colcon.colcon_core.package_identification:_identify(src) by extensions ['cmake', 'python']
[0.930s] Level 1:colcon.colcon_core.package_identification:_identify(src) by extension 'cmake'
[0.931s] Level 1:colcon.colcon_core.package_identification:_identify(src) by extension 'python'
[0.931s] Level 1:colcon.colcon_core.package_identification:_identify(src) by extensions ['python_setup_py']
[0.931s] Level 1:colcon.colcon_core.package_identification:_identify(src) by extension 'python_setup_py'
[0.931s] Level 1:colcon.colcon_core.package_identification:_identify(src/hello_publisher) by extensions ['ignore', 'ignore_ament_install']
[0.932s] Level 1:colcon.colcon_core.package_identification:_identify(src/hello_publisher) by extension 'ignore'
[0.932s] Level 1:colcon.colcon_core.package_identification:_identify(src/hello_publisher) by extension 'ignore_ament_install'
[0.932s] Level 1:colcon.colcon_core.package_identification:_identify(src/hello_publisher) by extensions ['colcon_pkg']
[0.932s] Level 1:colcon.colcon_core.package_identification:_identify(src/hello_publisher) by extension 'colcon_pkg'
[0.932s] Level 1:colcon.colcon_core.package_identification:_identify(src/hello_publisher) by extensions ['colcon_meta']
[0.932s] Level 1:colcon.colcon_core.package_identification:_identify(src/hello_publisher) by extension 'colcon_meta'
[0.932s] Level 1:colcon.colcon_core.package_identification:_identify(src/hello_publisher) by extensions ['ros']
[0.933s] Level 1:colcon.colcon_core.package_identification:_identify(src/hello_publisher) by extension 'ros'
[0.941s] DEBUG:colcon.colcon_core.package_identification:Package 'src/hello_publisher' with type 'ros.ament_python' and name 'hello_publisher'
[0.942s] Level 1:colcon.colcon_core.package_identification:_identify(src/imu_publisher) by extensions ['ignore', 'ignore_ament_install']
[0.943s] Level 1:colcon.colcon_core.package_identification:_identify(src/imu_publisher) by extension 'ignore'
[0.943s] Level 1:colcon.colcon_core.package_identification:_identify(src/imu_publisher) by extension 'ignore_ament_install'
[0.943s] Level 1:colcon.colcon_core.package_identification:_identify(src/imu_publisher) by extensions ['colcon_pkg']
[0.943s] Level 1:colcon.colcon_core.package_identification:_identify(src/imu_publisher) by extension 'colcon_pkg'
[0.943s] Level 1:colcon.colcon_core.package_identification:_identify(src/imu_publisher) by extensions ['colcon_meta']
[0.943s] Level 1:colcon.colcon_core.package_identification:_identify(src/imu_publisher) by extension 'colcon_meta'
[0.944s] Level 1:colcon.colcon_core.package_identification:_identify(src/imu_publisher) by extensions ['ros']
[0.944s] Level 1:colcon.colcon_core.package_identification:_identify(src/imu_publisher) by extension 'ros'
[0.946s] DEBUG:colcon.colcon_core.package_identification:Package 'src/imu_publisher' with type 'ros.ament_python' and name 'imu_publisher'
[0.947s] Level 1:colcon.colcon_core.package_discovery:discover_packages(recursive) using defaults
[0.947s] Level 1:colcon.colcon_core.package_discovery:discover_packages(ignore) discover
[0.947s] Level 1:colcon.colcon_core.package_discovery:discover_packages(ignore) using defaults
[0.947s] Level 1:colcon.colcon_core.package_discovery:discover_packages(path) discover
[0.947s] Level 1:colcon.colcon_core.package_discovery:discover_packages(path) using defaults
[1.024s] INFO:colcon.colcon_core.package_selection:Skipping not selected package 'hello_publisher' in 'src/hello_publisher'
[1.027s] Level 1:colcon.colcon_core.package_discovery:discover_packages(prefix_path) check parameters
[1.027s] Level 1:colcon.colcon_core.package_discovery:discover_packages(prefix_path) discover
[1.033s] DEBUG:colcon.colcon_installed_package_information.package_discovery:Found 2 installed packages in /workspace/install
[1.037s] DEBUG:colcon.colcon_installed_package_information.package_discovery:Found 182 installed packages in /opt/ros/humble
[1.041s] Level 1:colcon.colcon_core.package_discovery:discover_packages(prefix_path) using defaults
[1.138s] Level 5:colcon.colcon_core.verb:set package 'imu_publisher' build argument 'cmake_args' from command line to 'None'
[1.139s] Level 5:colcon.colcon_core.verb:set package 'imu_publisher' build argument 'cmake_target' from command line to 'None'
[1.139s] Level 5:colcon.colcon_core.verb:set package 'imu_publisher' build argument 'cmake_target_skip_unavailable' from command line to 'False'
[1.139s] Level 5:colcon.colcon_core.verb:set package 'imu_publisher' build argument 'cmake_clean_cache' from command line to 'False'
[1.139s] Level 5:colcon.colcon_core.verb:set package 'imu_publisher' build argument 'cmake_clean_first' from command line to 'False'
[1.139s] Level 5:colcon.colcon_core.verb:set package 'imu_publisher' build argument 'cmake_force_configure' from command line to 'False'
[1.139s] Level 5:colcon.colcon_core.verb:set package 'imu_publisher' build argument 'ament_cmake_args' from command line to 'None'
[1.139s] Level 5:colcon.colcon_core.verb:set package 'imu_publisher' build argument 'catkin_cmake_args' from command line to 'None'
[1.139s] Level 5:colcon.colcon_core.verb:set package 'imu_publisher' build argument 'catkin_skip_building_tests' from command line to 'False'
[1.139s] DEBUG:colcon.colcon_core.verb:Building package 'imu_publisher' with the following arguments: {'ament_cmake_args': None, 'build_base': '/workspace/build/imu_publisher', 'catkin_cmake_args': None, 'catkin_skip_building_tests': False, 'cmake_args': None, 'cmake_clean_cache': False, 'cmake_clean_first': False, 'cmake_force_configure': False, 'cmake_target': None, 'cmake_target_skip_unavailable': False, 'install_base': '/workspace/install/imu_publisher', 'merge_install': False, 'path': '/workspace/src/imu_publisher', 'symlink_install': True, 'test_result_base': None}
[1.140s] INFO:colcon.colcon_core.executor:Executing jobs using 'parallel' executor
[1.143s] DEBUG:colcon.colcon_parallel_executor.executor.parallel:run_until_complete
[1.145s] INFO:colcon.colcon_ros.task.ament_python.build:Building ROS package in '/workspace/src/imu_publisher' with build type 'ament_python'
[1.145s] Level 1:colcon.colcon_core.shell:create_environment_hook('imu_publisher', 'ament_prefix_path')
[1.154s] INFO:colcon.colcon_core.plugin_system:Skipping extension 'colcon_core.shell.bat': Not used on non-Windows systems
[1.154s] INFO:colcon.colcon_core.shell:Creating environment hook '/workspace/install/imu_publisher/share/imu_publisher/hook/ament_prefix_path.ps1'
[1.157s] INFO:colcon.colcon_core.shell:Creating environment descriptor '/workspace/install/imu_publisher/share/imu_publisher/hook/ament_prefix_path.dsv'
[1.160s] INFO:colcon.colcon_core.shell:Creating environment hook '/workspace/install/imu_publisher/share/imu_publisher/hook/ament_prefix_path.sh'
[1.163s] INFO:colcon.colcon_core.shell:Skip shell extension 'powershell' for command environment: Not usable outside of PowerShell
[1.164s] DEBUG:colcon.colcon_core.shell:Skip shell extension 'dsv' for command environment
[2.150s] INFO:colcon.colcon_core.task.python.build:Building Python package in '/workspace/src/imu_publisher'
[2.151s] INFO:colcon.colcon_core.shell:Skip shell extension 'powershell' for command environment: Not usable outside of PowerShell
[2.151s] DEBUG:colcon.colcon_core.shell:Skip shell extension 'dsv' for command environment
[3.748s] DEBUG:colcon.colcon_core.task.python.build:While undoing a previous installation files outside the Python library path are being ignored: /workspace/install/imu_publisher/share/ament_index/resource_index/packages/imu_publisher
[3.749s] DEBUG:colcon.colcon_core.task.python.build:While undoing a previous installation files outside the Python library path are being ignored: /workspace/install/imu_publisher/share/imu_publisher/package.xml
[3.751s] DEBUG:colcon.colcon_core.task.python.build:While undoing a previous installation files outside the Python library path are being ignored: /workspace/install/imu_publisher/lib/imu_publisher/imu_publisher_node
[3.761s] DEBUG:colcon.colcon_core.event_handler.log_command:Invoking command in '/workspace/build/imu_publisher': PYTHONPATH=/workspace/build/imu_publisher/prefix_override:/usr/lib/python3/dist-packages/colcon_core/task/python/colcon_distutils_commands:/workspace/install/imu_publisher/lib/python3.10/site-packages:${PYTHONPATH} /usr/bin/python3 -W ignore:setup.py install is deprecated -W ignore:easy_install command is deprecated setup.py develop --editable --build-directory /workspace/build/imu_publisher/build --no-deps symlink_data --force
[5.292s] Level 1:colcon.colcon_core.shell:create_environment_hook('imu_publisher', 'pythonpath_develop')
[5.294s] INFO:colcon.colcon_core.shell:Creating environment hook '/workspace/build/imu_publisher/share/imu_publisher/hook/pythonpath_develop.ps1'
[5.296s] DEBUG:colcon.colcon_core.event_handler.log_command:Invoked command in '/workspace/build/imu_publisher' returned '0': PYTHONPATH=/workspace/build/imu_publisher/prefix_override:/usr/lib/python3/dist-packages/colcon_core/task/python/colcon_distutils_commands:/workspace/install/imu_publisher/lib/python3.10/site-packages:${PYTHONPATH} /usr/bin/python3 -W ignore:setup.py install is deprecated -W ignore:easy_install command is deprecated setup.py develop --editable --build-directory /workspace/build/imu_publisher/build --no-deps symlink_data --force
[5.298s] INFO:colcon.colcon_core.shell:Creating environment descriptor '/workspace/build/imu_publisher/share/imu_publisher/hook/pythonpath_develop.dsv'
[5.309s] INFO:colcon.colcon_core.shell:Creating environment hook '/workspace/build/imu_publisher/share/imu_publisher/hook/pythonpath_develop.sh'
[5.321s] Level 1:colcon.colcon_core.environment:checking '/workspace/install/imu_publisher' for CMake module files
[5.323s] Level 1:colcon.colcon_core.environment:checking '/workspace/install/imu_publisher' for CMake config files
[5.325s] Level 1:colcon.colcon_core.environment:checking '/workspace/install/imu_publisher/lib'
[5.326s] Level 1:colcon.colcon_core.environment:checking '/workspace/install/imu_publisher/bin'
[5.327s] Level 1:colcon.colcon_core.environment:checking '/workspace/install/imu_publisher/lib/pkgconfig/imu_publisher.pc'
[5.327s] Level 1:colcon.colcon_core.environment:checking '/workspace/install/imu_publisher/lib/python3.10/site-packages'
[5.328s] Level 1:colcon.colcon_core.shell:create_environment_hook('imu_publisher', 'pythonpath')
[5.328s] INFO:colcon.colcon_core.shell:Creating environment hook '/workspace/install/imu_publisher/share/imu_publisher/hook/pythonpath.ps1'
[5.330s] INFO:colcon.colcon_core.shell:Creating environment descriptor '/workspace/install/imu_publisher/share/imu_publisher/hook/pythonpath.dsv'
[5.336s] INFO:colcon.colcon_core.shell:Creating environment hook '/workspace/install/imu_publisher/share/imu_publisher/hook/pythonpath.sh'
[5.339s] Level 1:colcon.colcon_core.environment:checking '/workspace/install/imu_publisher/bin'
[5.339s] Level 1:colcon.colcon_core.environment:create_environment_scripts_only(imu_publisher)
[5.340s] INFO:colcon.colcon_core.shell:Creating package script '/workspace/install/imu_publisher/share/imu_publisher/package.ps1'
[5.344s] INFO:colcon.colcon_core.shell:Creating package descriptor '/workspace/install/imu_publisher/share/imu_publisher/package.dsv'
[5.347s] INFO:colcon.colcon_core.shell:Creating package script '/workspace/install/imu_publisher/share/imu_publisher/package.sh'
[5.350s] INFO:colcon.colcon_core.shell:Creating package script '/workspace/install/imu_publisher/share/imu_publisher/package.bash'
[5.354s] INFO:colcon.colcon_core.shell:Creating package script '/workspace/install/imu_publisher/share/imu_publisher/package.zsh'
[5.356s] Level 1:colcon.colcon_core.environment:create_file_with_runtime_dependencies(/workspace/install/imu_publisher/share/colcon-core/packages/imu_publisher)
[5.358s] DEBUG:colcon.colcon_parallel_executor.executor.parallel:closing loop
[5.359s] DEBUG:colcon.colcon_parallel_executor.executor.parallel:loop closed
[5.359s] DEBUG:colcon.colcon_parallel_executor.executor.parallel:run_until_complete finished with '0'
[5.360s] DEBUG:colcon.colcon_core.event_reactor:joining thread
[5.379s] INFO:colcon.colcon_core.plugin_system:Skipping extension 'colcon_notification.desktop_notification.notify_send': Could not find 'notify-send'
[5.380s] INFO:colcon.colcon_core.plugin_system:Skipping extension 'colcon_notification.desktop_notification.terminal_notifier': Not used on non-Darwin systems
[5.380s] INFO:colcon.colcon_core.plugin_system:Skipping extension 'colcon_notification.desktop_notification.win32': Not used on non-Windows systems
[5.380s] INFO:colcon.colcon_notification.desktop_notification:Sending desktop notification using 'notify2'
[5.380s] DEBUG:colcon.colcon_notification.desktop_notification.notify2:Failed to initialize notify2: org.freedesktop.DBus.Error.NotSupported: Unable to autolaunch a dbus-daemon without a $DISPLAY for X11
[5.381s] DEBUG:colcon.colcon_core.event_reactor:joined thread
[5.382s] INFO:colcon.colcon_core.shell:Creating prefix script '/workspace/install/local_setup.ps1'
[5.385s] INFO:colcon.colcon_core.shell:Creating prefix util module '/workspace/install/_local_setup_util_ps1.py'
[5.391s] INFO:colcon.colcon_core.shell:Creating prefix chain script '/workspace/install/setup.ps1'
[5.395s] INFO:colcon.colcon_core.shell:Creating prefix script '/workspace/install/local_setup.sh'
[5.398s] INFO:colcon.colcon_core.shell:Creating prefix util module '/workspace/install/_local_setup_util_sh.py'
[5.400s] INFO:colcon.colcon_core.shell:Creating prefix chain script '/workspace/install/setup.sh'
[5.404s] INFO:colcon.colcon_core.shell:Creating prefix script '/workspace/install/local_setup.bash'
[5.406s] INFO:colcon.colcon_core.shell:Creating prefix chain script '/workspace/install/setup.bash'
[5.410s] INFO:colcon.colcon_core.shell:Creating prefix script '/workspace/install/local_setup.zsh'
[5.413s] INFO:colcon.colcon_core.shell:Creating prefix chain script '/workspace/install/setup.zsh'
