[3.404s] Invoking command in '/workspace/src/hello_publisher': PYTHONPATH=/workspace/build/hello_publisher/prefix_override:/usr/lib/python3/dist-packages/colcon_core/task/python/colcon_distutils_commands:/workspace/install/hello_publisher/lib/python3.10/site-packages:${PYTHONPATH} /usr/bin/python3 -W ignore:setup.py install is deprecated -W ignore:easy_install command is deprecated setup.py egg_info --egg-base ../../build/hello_publisher build --build-base /workspace/build/hello_publisher/build install --record /workspace/build/hello_publisher/install.log --single-version-externally-managed install_data
[4.357s] running egg_info
[4.364s] writing ../../build/hello_publisher/hello_publisher.egg-info/PKG-INFO
[4.367s] writing dependency_links to ../../build/hello_publisher/hello_publisher.egg-info/dependency_links.txt
[4.368s] writing entry points to ../../build/hello_publisher/hello_publisher.egg-info/entry_points.txt
[4.369s] writing requirements to ../../build/hello_publisher/hello_publisher.egg-info/requires.txt
[4.369s] writing top-level names to ../../build/hello_publisher/hello_publisher.egg-info/top_level.txt
[4.377s] reading manifest file '../../build/hello_publisher/hello_publisher.egg-info/SOURCES.txt'
[4.380s] writing manifest file '../../build/hello_publisher/hello_publisher.egg-info/SOURCES.txt'
[4.381s] running build
[4.382s] running build_py
[4.382s] running install
[4.384s] running install_lib
[4.389s] running install_data
[4.389s] running install_egg_info
[4.397s] removing '/workspace/install/hello_publisher/lib/python3.10/site-packages/hello_publisher-0.0.1-py3.10.egg-info' (and everything under it)
[4.398s] Copying ../../build/hello_publisher/hello_publisher.egg-info to /workspace/install/hello_publisher/lib/python3.10/site-packages/hello_publisher-0.0.1-py3.10.egg-info
[4.404s] running install_scripts
[4.494s] Installing talker script to /workspace/install/hello_publisher/lib/hello_publisher
[4.496s] writing list of installed files to '/workspace/build/hello_publisher/install.log'
[4.639s] Invoked command in '/workspace/src/hello_publisher' returned '0': PYTHONPATH=/workspace/build/hello_publisher/prefix_override:/usr/lib/python3/dist-packages/colcon_core/task/python/colcon_distutils_commands:/workspace/install/hello_publisher/lib/python3.10/site-packages:${PYTHONPATH} /usr/bin/python3 -W ignore:setup.py install is deprecated -W ignore:easy_install command is deprecated setup.py egg_info --egg-base ../../build/hello_publisher build --build-base /workspace/build/hello_publisher/build install --record /workspace/build/hello_publisher/install.log --single-version-externally-managed install_data
